{"uuid":"6ccb8097-94e7-4e4c-ad70-3c4c5be18717","historyId":"44e02f254ea9e9b9643f1b3cbecd1710","fullName":"in.at.Automation.Saibaba1.confirmtkt","labels":[{"name":"package","value":"in.at.Automation.Saibaba1"},{"name":"testClass","value":"in.at.Automation.Saibaba1"},{"name":"testMethod","value":"confirmtkt"},{"name":"parentSuite","value":"Default Suite"},{"name":"suite","value":"All in one"},{"name":"subSuite","value":"in.at.Automation.Saibaba1"},{"name":"host","value":"DESKTOP-NJDHSEO"},{"name":"thread","value":"19516@DESKTOP-NJDHSEO.main(1)"},{"name":"framework","value":"testng"},{"name":"language","value":"java"}],"links":[],"name":"confirmtkt","status":"broken","statusDetails":{"known":false,"muted":false,"flaky":false,"message":"Error {\n  message='Error: Node is not an HTMLElement\n  name='Error\n  stack='Error: Error: Node is not an HTMLElement\n    at CRExecutionContext.evaluateWithArguments (C:\\Users\\BluePal\\AppData\\Local\\Temp\\playwright-java-16893007338141453001\\package\\lib\\server\\chromium\\crExecutionContext.js:92:33)\n    at async LongStandingScope._race (C:\\Users\\BluePal\\AppData\\Local\\Temp\\playwright-java-16893007338141453001\\package\\lib\\utils\\manualPromise.js:96:14)\n    at async evaluateExpression (C:\\Users\\BluePal\\AppData\\Local\\Temp\\playwright-java-16893007338141453001\\package\\lib\\server\\javascript.js:241:12)\n    at async C:\\Users\\BluePal\\AppData\\Local\\Temp\\playwright-java-16893007338141453001\\package\\lib\\server\\frames.js:1409:13\n    at async Frame.retryWithProgressAndTimeouts (C:\\Users\\BluePal\\AppData\\Local\\Temp\\playwright-java-16893007338141453001\\package\\lib\\server\\frames.js:912:24)\n    at async ProgressController.run (C:\\Users\\BluePal\\AppData\\Local\\Temp\\playwright-java-16893007338141453001\\package\\lib\\server\\progress.js:91:22)\n    at async FrameDispatcher.innerText (C:\\Users\\BluePal\\AppData\\Local\\Temp\\playwright-java-16893007338141453001\\package\\lib\\server\\dispatchers\\frameDispatcher.js:180:14)\n    at async LongStandingScope._race (C:\\Users\\BluePal\\AppData\\Local\\Temp\\playwright-java-16893007338141453001\\package\\lib\\utils\\manualPromise.js:96:14)\n    at async FrameDispatcher._handleCommand (C:\\Users\\BluePal\\AppData\\Local\\Temp\\playwright-java-16893007338141453001\\package\\lib\\server\\dispatchers\\dispatcher.js:86:14)\n    at async DispatcherConnection.dispatch (C:\\Users\\BluePal\\AppData\\Local\\Temp\\playwright-java-16893007338141453001\\package\\lib\\server\\dispatchers\\dispatcher.js:351:22)\n}\nCall log:\n- waiting for locator(\"*\").nth(64)\n","trace":"com.microsoft.playwright.PlaywrightException: Error {\n  message='Error: Node is not an HTMLElement\n  name='Error\n  stack='Error: Error: Node is not an HTMLElement\n    at CRExecutionContext.evaluateWithArguments (C:\\Users\\BluePal\\AppData\\Local\\Temp\\playwright-java-16893007338141453001\\package\\lib\\server\\chromium\\crExecutionContext.js:92:33)\n    at async LongStandingScope._race (C:\\Users\\BluePal\\AppData\\Local\\Temp\\playwright-java-16893007338141453001\\package\\lib\\utils\\manualPromise.js:96:14)\n    at async evaluateExpression (C:\\Users\\BluePal\\AppData\\Local\\Temp\\playwright-java-16893007338141453001\\package\\lib\\server\\javascript.js:241:12)\n    at async C:\\Users\\BluePal\\AppData\\Local\\Temp\\playwright-java-16893007338141453001\\package\\lib\\server\\frames.js:1409:13\n    at async Frame.retryWithProgressAndTimeouts (C:\\Users\\BluePal\\AppData\\Local\\Temp\\playwright-java-16893007338141453001\\package\\lib\\server\\frames.js:912:24)\n    at async ProgressController.run (C:\\Users\\BluePal\\AppData\\Local\\Temp\\playwright-java-16893007338141453001\\package\\lib\\server\\progress.js:91:22)\n    at async FrameDispatcher.innerText (C:\\Users\\BluePal\\AppData\\Local\\Temp\\playwright-java-16893007338141453001\\package\\lib\\server\\dispatchers\\frameDispatcher.js:180:14)\n    at async LongStandingScope._race (C:\\Users\\BluePal\\AppData\\Local\\Temp\\playwright-java-16893007338141453001\\package\\lib\\utils\\manualPromise.js:96:14)\n    at async FrameDispatcher._handleCommand (C:\\Users\\BluePal\\AppData\\Local\\Temp\\playwright-java-16893007338141453001\\package\\lib\\server\\dispatchers\\dispatcher.js:86:14)\n    at async DispatcherConnection.dispatch (C:\\Users\\BluePal\\AppData\\Local\\Temp\\playwright-java-16893007338141453001\\package\\lib\\server\\dispatchers\\dispatcher.js:351:22)\n}\nCall log:\n- waiting for locator(\"*\").nth(64)\n\r\n\tat com.microsoft.playwright.impl.WaitableResult.get(WaitableResult.java:54)\r\n\tat com.microsoft.playwright.impl.ChannelOwner.runUntil(ChannelOwner.java:120)\r\n\tat com.microsoft.playwright.impl.Connection.sendMessage(Connection.java:129)\r\n\tat com.microsoft.playwright.impl.ChannelOwner.sendMessage(ChannelOwner.java:106)\r\n\tat com.microsoft.playwright.impl.FrameImpl.innerTextImpl(FrameImpl.java:526)\r\n\tat com.microsoft.playwright.impl.FrameImpl.lambda$innerText$22(FrameImpl.java:517)\r\n\tat com.microsoft.playwright.impl.LoggingSupport.withLogging(LoggingSupport.java:47)\r\n\tat com.microsoft.playwright.impl.ChannelOwner.withLogging(ChannelOwner.java:89)\r\n\tat com.microsoft.playwright.impl.FrameImpl.innerText(FrameImpl.java:517)\r\n\tat com.microsoft.playwright.impl.LocatorImpl.innerText(LocatorImpl.java:335)\r\n\tat com.microsoft.playwright.Locator.innerText(Locator.java:3675)\r\n\tat in.at.Automation.Saibaba1.confirmtkt(Saibaba1.java:58)\r\n\tat java.base/jdk.internal.reflect.DirectMethodHandleAccessor.invoke(DirectMethodHandleAccessor.java:103)\r\n\tat java.base/java.lang.reflect.Method.invoke(Method.java:580)\r\n\tat org.testng.internal.invokers.MethodInvocationHelper.invokeMethod(MethodInvocationHelper.java:139)\r\n\tat org.testng.internal.invokers.TestInvoker.invokeMethod(TestInvoker.java:664)\r\n\tat org.testng.internal.invokers.TestInvoker.invokeTestMethod(TestInvoker.java:228)\r\n\tat org.testng.internal.invokers.MethodRunner.runInSequence(MethodRunner.java:63)\r\n\tat org.testng.internal.invokers.TestInvoker$MethodInvocationAgent.invoke(TestInvoker.java:961)\r\n\tat org.testng.internal.invokers.TestInvoker.invokeTestMethods(TestInvoker.java:201)\r\n\tat org.testng.internal.invokers.TestMethodWorker.invokeTestMethods(TestMethodWorker.java:148)\r\n\tat org.testng.internal.invokers.TestMethodWorker.run(TestMethodWorker.java:128)\r\n\tat java.base/java.util.ArrayList.forEach(ArrayList.java:1597)\r\n\tat org.testng.TestRunner.privateRun(TestRunner.java:819)\r\n\tat org.testng.TestRunner.run(TestRunner.java:619)\r\n\tat org.testng.SuiteRunner.runTest(SuiteRunner.java:443)\r\n\tat org.testng.SuiteRunner.runSequentially(SuiteRunner.java:437)\r\n\tat org.testng.SuiteRunner.privateRun(SuiteRunner.java:397)\r\n\tat org.testng.SuiteRunner.run(SuiteRunner.java:336)\r\n\tat org.testng.SuiteRunnerWorker.runSuite(SuiteRunnerWorker.java:52)\r\n\tat org.testng.SuiteRunnerWorker.run(SuiteRunnerWorker.java:95)\r\n\tat org.testng.TestNG.runSuitesSequentially(TestNG.java:1301)\r\n\tat org.testng.TestNG.runSuitesLocally(TestNG.java:1228)\r\n\tat org.testng.TestNG.runSuites(TestNG.java:1134)\r\n\tat org.testng.TestNG.run(TestNG.java:1101)\r\n\tat com.intellij.rt.testng.IDEARemoteTestNG.run(IDEARemoteTestNG.java:65)\r\n\tat com.intellij.rt.testng.RemoteTestNGStarter.main(RemoteTestNGStarter.java:105)\r\nCaused by: com.microsoft.playwright.impl.DriverException: Error {\n  message='Error: Node is not an HTMLElement\n  name='Error\n  stack='Error: Error: Node is not an HTMLElement\n    at CRExecutionContext.evaluateWithArguments (C:\\Users\\BluePal\\AppData\\Local\\Temp\\playwright-java-16893007338141453001\\package\\lib\\server\\chromium\\crExecutionContext.js:92:33)\n    at async LongStandingScope._race (C:\\Users\\BluePal\\AppData\\Local\\Temp\\playwright-java-16893007338141453001\\package\\lib\\utils\\manualPromise.js:96:14)\n    at async evaluateExpression (C:\\Users\\BluePal\\AppData\\Local\\Temp\\playwright-java-16893007338141453001\\package\\lib\\server\\javascript.js:241:12)\n    at async C:\\Users\\BluePal\\AppData\\Local\\Temp\\playwright-java-16893007338141453001\\package\\lib\\server\\frames.js:1409:13\n    at async Frame.retryWithProgressAndTimeouts (C:\\Users\\BluePal\\AppData\\Local\\Temp\\playwright-java-16893007338141453001\\package\\lib\\server\\frames.js:912:24)\n    at async ProgressController.run (C:\\Users\\BluePal\\AppData\\Local\\Temp\\playwright-java-16893007338141453001\\package\\lib\\server\\progress.js:91:22)\n    at async FrameDispatcher.innerText (C:\\Users\\BluePal\\AppData\\Local\\Temp\\playwright-java-16893007338141453001\\package\\lib\\server\\dispatchers\\frameDispatcher.js:180:14)\n    at async LongStandingScope._race (C:\\Users\\BluePal\\AppData\\Local\\Temp\\playwright-java-16893007338141453001\\package\\lib\\utils\\manualPromise.js:96:14)\n    at async FrameDispatcher._handleCommand (C:\\Users\\BluePal\\AppData\\Local\\Temp\\playwright-java-16893007338141453001\\package\\lib\\server\\dispatchers\\dispatcher.js:86:14)\n    at async DispatcherConnection.dispatch (C:\\Users\\BluePal\\AppData\\Local\\Temp\\playwright-java-16893007338141453001\\package\\lib\\server\\dispatchers\\dispatcher.js:351:22)\n}\nCall log:\n- waiting for locator(\"*\").nth(64)\n\r\n\tat com.microsoft.playwright.impl.Connection.dispatch(Connection.java:257)\r\n\tat com.microsoft.playwright.impl.Connection.processOneMessage(Connection.java:209)\r\n\tat com.microsoft.playwright.impl.ChannelOwner.runUntil(ChannelOwner.java:118)\r\n\t... 35 more\r\n"},"stage":"finished","steps":[],"attachments":[],"parameters":[],"start":1731667262652,"stop":1731667264111}